<?xml version="1.0" encoding="UTF-8"?>
<!-- Generated by org.testng.reporters.JUnitXMLReporter -->
<testsuite ignored="0" hostname="DESKTOP-0U1FAIF" failures="0" tests="6" name="Testing /contribution page" time="25.492" errors="0" timestamp="2020-02-14T19:38:56 MSK">
  <testcase classname="tests.test1.ContributionTest" name="openHomePage" time="10.617"/>
  <testcase classname="tests.test1.ContributionTest" name="redirectToContributions" time="6.202"/>
  <testcase classname="tests.test1.ContributionTest" name="changeDepositCheckbox" time="0.182"/>
  <testcase classname="tests.test1.ContributionTest" name="changeAmountOfDeposit" time="0.21"/>
  <testcase classname="tests.test1.ContributionTest" name="changePeriodSlider" time="0.627"/>
  <testcase classname="tests.test1.ContributionTest" name="getTermsDocument" time="0.604"/>
</testsuite> <!-- Testing /contribution page -->
