<?xml version="1.0" encoding="UTF-8"?>
<!-- Generated by org.testng.reporters.JUnitXMLReporter -->
<testsuite ignored="0" hostname="DESKTOP-0U1FAIF" failures="0" tests="5" name="Testing /card page" time="23.15" errors="0" timestamp="2020-02-14T19:39:19 MSK">
  <testcase classname="tests.test2.CardTest" name="openHomePage" time="9.947"/>
  <testcase classname="tests.test2.CardTest" name="goToCard" time="4.711"/>
  <testcase classname="tests.test2.CardTest" name="fill_firstName_phoneNumber_email" time="1.365"/>
  <testcase classname="tests.test2.CardTest" name="chooseSecondNameCheckBox" time="0.195"/>
  <testcase classname="tests.test2.CardTest" name="selectCreditRegion" time="0.553"/>
</testsuite> <!-- Testing /card page -->
