<?xml version="1.0" encoding="UTF-8"?>
<testsuite xmlns:xsi="http://www.w3.org/2001/XMLSchema-instance" xsi:noNamespaceSchemaLocation="https://maven.apache.org/surefire/maven-surefire-plugin/xsd/surefire-test-report-3.0.xsd" version="3.0" name="TestSuite" time="77.665" tests="11" errors="0" skipped="0" failures="0">
  <properties>
[...]
</properties>
  <testcase name="Тестирование вкладки &quot;Вклад&quot;" classname="tests.test1.ContributionTest" time="13.315"/>
  <testcase name="Тестирование вкладки &quot;Вклад&quot;" classname="tests.test1.ContributionTest" time="11.27"/>
  <testcase name="Тестирование вкладки &quot;Вклад&quot;" classname="tests.test1.ContributionTest" time="0.228"/>
  <testcase name="Тестирование вкладки &quot;Вклад&quot;" classname="tests.test1.ContributionTest" time="0.405"/>
  <testcase name="Тестирование вкладки &quot;Вклад&quot;" classname="tests.test1.ContributionTest" time="0.591"/>
  <testcase name="Тестирование вкладки &quot;Вклад&quot;" classname="tests.test1.ContributionTest" time="0.551"/>
  <testcase name="Тестирование вкладки &quot;Карта&quot;" classname="tests.test2.CardTest" time="14.506"/>
  <testcase name="Тестирование вкладки &quot;Карта&quot;" classname="tests.test2.CardTest" time="15.109"/>
  <testcase name="Тестирование вкладки &quot;Карта&quot;" classname="tests.test2.CardTest" time="1.313"/>
  <testcase name="Тестирование вкладки &quot;Карта&quot;" classname="tests.test2.CardTest" time="0.159"/>
  <testcase name="Тестирование вкладки &quot;Карта&quot;" classname="tests.test2.CardTest" time="0.59"/>
</testsuite>